2025-08-05T09:59:39: Starting portaal-fe-notifications in /home/mverde/src/taal/portaal-fe-full/portaal-fe-notifications
2025-08-05T09:59:40: yarn run v1.22.22
2025-08-05T09:59:40: $ webpack serve --open --mode development --live-reload --hot
2025-08-05T09:59:40: info Visit https://yarnpkg.com/en/docs/cli/run for documentation about this command.
2025-08-05T09:59:40: portaal-fe-notifications exited with code 1
2025-08-05T09:59:40: Starting portaal-fe-notifications in /home/mverde/src/taal/portaal-fe-full/portaal-fe-notifications
2025-08-05T09:59:41: yarn run v1.22.22
2025-08-05T09:59:41: $ webpack serve --open --mode development --live-reload --hot
2025-08-05T09:59:41: info Visit https://yarnpkg.com/en/docs/cli/run for documentation about this command.
2025-08-05T09:59:41: portaal-fe-notifications exited with code 1
2025-08-05T09:59:41: Starting portaal-fe-notifications in /home/mverde/src/taal/portaal-fe-full/portaal-fe-notifications
2025-08-05T09:59:41: yarn run v1.22.22
2025-08-05T09:59:42: $ webpack serve --open --mode development --live-reload --hot
2025-08-05T09:59:42: info Visit https://yarnpkg.com/en/docs/cli/run for documentation about this command.
2025-08-05T09:59:42: portaal-fe-notifications exited with code 1
2025-08-05T09:59:42: Starting portaal-fe-notifications in /home/mverde/src/taal/portaal-fe-full/portaal-fe-notifications
2025-08-05T09:59:42: yarn run v1.22.22
2025-08-05T09:59:42: $ webpack serve --open --mode development --live-reload --hot
2025-08-05T09:59:42: info Visit https://yarnpkg.com/en/docs/cli/run for documentation about this command.
2025-08-05T09:59:42: portaal-fe-notifications exited with code 1
2025-08-05T09:59:43: Starting portaal-fe-notifications in /home/mverde/src/taal/portaal-fe-full/portaal-fe-notifications
2025-08-05T09:59:43: yarn run v1.22.22
2025-08-05T09:59:43: $ webpack serve --open --mode development --live-reload --hot
2025-08-05T09:59:43: info Visit https://yarnpkg.com/en/docs/cli/run for documentation about this command.
2025-08-05T09:59:43: portaal-fe-notifications exited with code 1
2025-08-05T09:59:43: Starting portaal-fe-notifications in /home/mverde/src/taal/portaal-fe-full/portaal-fe-notifications
2025-08-05T09:59:44: yarn run v1.22.22
2025-08-05T09:59:44: $ webpack serve --open --mode development --live-reload --hot
2025-08-05T09:59:44: info Visit https://yarnpkg.com/en/docs/cli/run for documentation about this command.
2025-08-05T09:59:44: portaal-fe-notifications exited with code 1
2025-08-05T09:59:44: Starting portaal-fe-notifications in /home/mverde/src/taal/portaal-fe-full/portaal-fe-notifications
2025-08-05T09:59:44: yarn run v1.22.22
2025-08-05T09:59:44: $ webpack serve --open --mode development --live-reload --hot
2025-08-05T09:59:45: info Visit https://yarnpkg.com/en/docs/cli/run for documentation about this command.
2025-08-05T09:59:45: portaal-fe-notifications exited with code 1
2025-08-05T09:59:45: Starting portaal-fe-notifications in /home/mverde/src/taal/portaal-fe-full/portaal-fe-notifications
2025-08-05T09:59:45: yarn run v1.22.22
2025-08-05T09:59:45: $ webpack serve --open --mode development --live-reload --hot
2025-08-05T09:59:45: info Visit https://yarnpkg.com/en/docs/cli/run for documentation about this command.
2025-08-05T09:59:45: portaal-fe-notifications exited with code 1
2025-08-05T09:59:46: Starting portaal-fe-notifications in /home/mverde/src/taal/portaal-fe-full/portaal-fe-notifications
2025-08-05T09:59:46: yarn run v1.22.22
2025-08-05T09:59:46: $ webpack serve --open --mode development --live-reload --hot
2025-08-05T09:59:46: info Visit https://yarnpkg.com/en/docs/cli/run for documentation about this command.
2025-08-05T09:59:46: portaal-fe-notifications exited with code 1
2025-08-05T09:59:46: Starting portaal-fe-notifications in /home/mverde/src/taal/portaal-fe-full/portaal-fe-notifications
2025-08-05T09:59:47: yarn run v1.22.22
2025-08-05T09:59:47: $ webpack serve --open --mode development --live-reload --hot
2025-08-05T09:59:47: info Visit https://yarnpkg.com/en/docs/cli/run for documentation about this command.
2025-08-05T09:59:47: portaal-fe-notifications exited with code 1
2025-08-05T09:59:47: Starting portaal-fe-notifications in /home/mverde/src/taal/portaal-fe-full/portaal-fe-notifications
2025-08-05T09:59:47: yarn run v1.22.22
2025-08-05T09:59:47: $ webpack serve --open --mode development --live-reload --hot
2025-08-05T09:59:47: info Visit https://yarnpkg.com/en/docs/cli/run for documentation about this command.
2025-08-05T09:59:47: portaal-fe-notifications exited with code 1
2025-08-05T09:59:48: Starting portaal-fe-notifications in /home/mverde/src/taal/portaal-fe-full/portaal-fe-notifications
2025-08-05T09:59:48: yarn run v1.22.22
2025-08-05T09:59:48: $ webpack serve --open --mode development --live-reload --hot
2025-08-05T09:59:48: info Visit https://yarnpkg.com/en/docs/cli/run for documentation about this command.
2025-08-05T09:59:48: portaal-fe-notifications exited with code 1
2025-08-05T09:59:49: Starting portaal-fe-notifications in /home/mverde/src/taal/portaal-fe-full/portaal-fe-notifications
2025-08-05T09:59:49: yarn run v1.22.22
2025-08-05T09:59:49: $ webpack serve --open --mode development --live-reload --hot
2025-08-05T09:59:49: info Visit https://yarnpkg.com/en/docs/cli/run for documentation about this command.
2025-08-05T09:59:49: portaal-fe-notifications exited with code 1
2025-08-05T09:59:49: Starting portaal-fe-notifications in /home/mverde/src/taal/portaal-fe-full/portaal-fe-notifications
2025-08-05T09:59:50: yarn run v1.22.22
2025-08-05T09:59:50: $ webpack serve --open --mode development --live-reload --hot
2025-08-05T09:59:50: info Visit https://yarnpkg.com/en/docs/cli/run for documentation about this command.
2025-08-05T09:59:50: portaal-fe-notifications exited with code 1
2025-08-05T09:59:50: Starting portaal-fe-notifications in /home/mverde/src/taal/portaal-fe-full/portaal-fe-notifications
2025-08-05T09:59:51: yarn run v1.22.22
2025-08-05T09:59:51: $ webpack serve --open --mode development --live-reload --hot
2025-08-05T09:59:51: info Visit https://yarnpkg.com/en/docs/cli/run for documentation about this command.
2025-08-05T09:59:51: portaal-fe-notifications exited with code 1
2025-08-05T09:59:51: Starting portaal-fe-notifications in /home/mverde/src/taal/portaal-fe-full/portaal-fe-notifications
2025-08-05T09:59:51: yarn run v1.22.22
2025-08-05T09:59:51: $ webpack serve --open --mode development --live-reload --hot
2025-08-05T09:59:51: info Visit https://yarnpkg.com/en/docs/cli/run for documentation about this command.
2025-08-05T09:59:51: portaal-fe-notifications exited with code 1
2025-08-05T09:59:52: Starting portaal-fe-notifications in /home/mverde/src/taal/portaal-fe-full/portaal-fe-notifications
2025-08-05T09:59:52: yarn run v1.22.22
2025-08-05T09:59:52: $ webpack serve --open --mode development --live-reload --hot
2025-08-05T09:59:52: info Visit https://yarnpkg.com/en/docs/cli/run for documentation about this command.
2025-08-05T09:59:52: portaal-fe-notifications exited with code 1
