yarn run v1.22.22
$ webpack serve --open --mode development
<i> [webpack-dev-server] Project is running at:
<i> [webpack-dev-server] Loopback: http://localhost:3006/
<i> [webpack-dev-server] On Your Network (IPv4): http://192.168.1.246:3006/
<i> [webpack-dev-server] Content not from webpack is served from '/home/mverde/src/taal/portaal-fe-full/portaal-fe-auth/public' directory
<i> [webpack-dev-server] 404s will fallback to '/index.html'
<i> [webpack-dev-middleware] wait until bundle finished: /

warn - The `darkMode` option in your Tailwind CSS configuration is set to `false`, which now behaves the same as `media`.
warn - Change `darkMode` to `media` or remove it entirely.
warn - https://tailwindcss.com/docs/upgrade-guide#remove-dark-mode-configuration
assets by chunk 429 KiB (id hint: vendors)
  asset vendors-node_modules_react-dom_index_js.js 269 KiB [emitted] [minimized] (id hint: vendors) 2 related assets
  asset vendors-node_modules_react-router-dom_dist_index_js.js 101 KiB [emitted] [minimized] (id hint: vendors) 2 related assets
  asset vendors-node_modules_react-device-detect_dist_lib_js.js 33.2 KiB [emitted] [minimized] (id hint: vendors) 2 related assets
  asset vendors-node_modules_react_index_js.js 25.6 KiB [emitted] [minimized] (id hint: vendors) 2 related assets
asset remoteEntry.js 91.7 KiB [emitted] [minimized] (name: auth) 2 related assets
asset main.js 91.2 KiB [emitted] [minimized] (name: main) 2 related assets
asset src_VisibleRoutes_tsx.js 33.3 KiB [emitted] [minimized] 2 related assets
asset src_App_tsx.js 11.7 KiB [emitted] [minimized] 2 related assets
asset src_services_profileService_ts-node_modules_css-loader_dist_runtime_api_js-node_modules_css-l-15dd86.js 6.93 KiB [emitted] [minimized] 2 related assets
asset src_bootstrap_tsx.js 1.15 KiB [emitted] [minimized] 2 related assets
asset src_MfeInit_ts.js 422 bytes [emitted] [minimized] 2 related assets
asset index.html 350 bytes [emitted]
runtime modules 92.4 KiB 38 modules
javascript modules 1.63 MiB 79 modules
remote-module modules 84 bytes (remote) 84 bytes (share-init)
  modules by path remote common/services/ 18 bytes (remote) 18 bytes (share-init) 3 modules
  + 11 modules
provide-module modules 168 bytes
  provide shared module (default) react-device-detect@2.2.3 = ./node_modules/react...(truncated) 42 bytes [built] [code generated]
  provide shared module (default) react-dom@18.3.1 = ./node_modules/reac...(truncated) 42 bytes [built] [code generated]
  + 2 modules
consume-shared-module modules 168 bytes
  consume shared module (default) react@^18.2.0 (strict) (singleton) (fallback: ./...(truncated) 42 bytes [built] [code generated]
  consume shared module (default) react-dom@^18.2.0 (strict) (singleton) (fallback...(truncated) 42 bytes [built] [code generated]
  + 2 modules

ERROR in ./src/components/ChangePassword/component.tsx 1:0-66
Module not found: Error: Can't resolve '@babel/runtime/helpers/slicedToArray' in '/home/mverde/src/taal/portaal-fe-full/portaal-fe-auth/src/components/ChangePassword'
 @ ./src/pages/ProfilePage/component.tsx 6:0-75 22:39-53
 @ ./src/VisibleRoutes.tsx 3:0-52 9:48-55
 @ container entry ./VisibleRoutes[0]

ERROR in ./src/components/RolePermission/component.tsx 1:0-74
Module not found: Error: Can't resolve '@babel/runtime/helpers/toConsumableArray' in '/home/mverde/src/taal/portaal-fe-full/portaal-fe-auth/src/components/RolePermission'
 @ ./src/pages/Role/component.tsx 9:0-75 113:39-53
 @ ./src/VisibleRoutes.tsx 4:0-50 13:48-56
 @ container entry ./VisibleRoutes[0]

ERROR in ./src/components/RolePermission/component.tsx 2:0-66
Module not found: Error: Can't resolve '@babel/runtime/helpers/slicedToArray' in '/home/mverde/src/taal/portaal-fe-full/portaal-fe-auth/src/components/RolePermission'
 @ ./src/pages/Role/component.tsx 9:0-75 113:39-53
 @ ./src/VisibleRoutes.tsx 4:0-50 13:48-56
 @ container entry ./VisibleRoutes[0]

ERROR in ./src/pages/LoginGoogle/component.tsx 1:0-72
Module not found: Error: Can't resolve '@babel/runtime/helpers/asyncToGenerator' in '/home/mverde/src/taal/portaal-fe-full/portaal-fe-auth/src/pages/LoginGoogle'
 @ ./src/App.tsx 3:0-59 36:46-60
 @ container entry ./Routes[0]

ERROR in ./src/pages/LoginGoogle/component.tsx 2:0-61
Module not found: Error: Can't resolve '@babel/runtime/regenerator' in '/home/mverde/src/taal/portaal-fe-full/portaal-fe-auth/src/pages/LoginGoogle'
 @ ./src/App.tsx 3:0-59 36:46-60
 @ container entry ./Routes[0]

ERROR in ./src/pages/ProfilePage/component.tsx 1:0-66
Module not found: Error: Can't resolve '@babel/runtime/helpers/slicedToArray' in '/home/mverde/src/taal/portaal-fe-full/portaal-fe-auth/src/pages/ProfilePage'
 @ ./src/VisibleRoutes.tsx 3:0-52 9:48-55
 @ container entry ./VisibleRoutes[0]

ERROR in ./src/pages/Role/component.tsx 1:0-72
Module not found: Error: Can't resolve '@babel/runtime/helpers/asyncToGenerator' in '/home/mverde/src/taal/portaal-fe-full/portaal-fe-auth/src/pages/Role'
 @ ./src/VisibleRoutes.tsx 4:0-50 13:48-56
 @ container entry ./VisibleRoutes[0]

ERROR in ./src/pages/Role/component.tsx 2:0-66
Module not found: Error: Can't resolve '@babel/runtime/helpers/slicedToArray' in '/home/mverde/src/taal/portaal-fe-full/portaal-fe-auth/src/pages/Role'
 @ ./src/VisibleRoutes.tsx 4:0-50 13:48-56
 @ container entry ./VisibleRoutes[0]

ERROR in ./src/pages/Role/component.tsx 3:0-61
Module not found: Error: Can't resolve '@babel/runtime/regenerator' in '/home/mverde/src/taal/portaal-fe-full/portaal-fe-auth/src/pages/Role'
 @ ./src/VisibleRoutes.tsx 4:0-50 13:48-56
 @ container entry ./VisibleRoutes[0]

ERROR in ./src/services/profileService.ts 1:0-72
Module not found: Error: Can't resolve '@babel/runtime/helpers/asyncToGenerator' in '/home/mverde/src/taal/portaal-fe-full/portaal-fe-auth/src/services'
 @ ./src/pages/ProfilePage/component.tsx 3:0-63 14:4-33
 @ ./src/VisibleRoutes.tsx 3:0-52 9:48-55
 @ container entry ./VisibleRoutes[0]

ERROR in ./src/services/profileService.ts 2:0-62
Module not found: Error: Can't resolve '@babel/runtime/helpers/createClass' in '/home/mverde/src/taal/portaal-fe-full/portaal-fe-auth/src/services'
 @ ./src/pages/ProfilePage/component.tsx 3:0-63 14:4-33
 @ ./src/VisibleRoutes.tsx 3:0-52 9:48-55
 @ container entry ./VisibleRoutes[0]

ERROR in ./src/services/profileService.ts 3:0-68
Module not found: Error: Can't resolve '@babel/runtime/helpers/classCallCheck' in '/home/mverde/src/taal/portaal-fe-full/portaal-fe-auth/src/services'
 @ ./src/pages/ProfilePage/component.tsx 3:0-63 14:4-33
 @ ./src/VisibleRoutes.tsx 3:0-52 9:48-55
 @ container entry ./VisibleRoutes[0]

ERROR in ./src/services/profileService.ts 4:0-68
Module not found: Error: Can't resolve '@babel/runtime/helpers/defineProperty' in '/home/mverde/src/taal/portaal-fe-full/portaal-fe-auth/src/services'
 @ ./src/pages/ProfilePage/component.tsx 3:0-63 14:4-33
 @ ./src/VisibleRoutes.tsx 3:0-52 9:48-55
 @ container entry ./VisibleRoutes[0]

ERROR in ./src/services/profileService.ts 5:0-61
Module not found: Error: Can't resolve '@babel/runtime/regenerator' in '/home/mverde/src/taal/portaal-fe-full/portaal-fe-auth/src/services'
 @ ./src/pages/ProfilePage/component.tsx 3:0-63 14:4-33
 @ ./src/VisibleRoutes.tsx 3:0-52 9:48-55
 @ container entry ./VisibleRoutes[0]

ERROR in ./src/services/roleservice.ts 1:0-68
Module not found: Error: Can't resolve '@babel/runtime/helpers/classCallCheck' in '/home/mverde/src/taal/portaal-fe-full/portaal-fe-auth/src/services'
 @ ./src/pages/Role/component.tsx 7:0-57 50:19-37 72:16-42 74:16-42 76:16-42
 @ ./src/VisibleRoutes.tsx 4:0-50 13:48-56
 @ container entry ./VisibleRoutes[0]

ERROR in ./src/services/roleservice.ts 2:0-62
Module not found: Error: Can't resolve '@babel/runtime/helpers/createClass' in '/home/mverde/src/taal/portaal-fe-full/portaal-fe-auth/src/services'
 @ ./src/pages/Role/component.tsx 7:0-57 50:19-37 72:16-42 74:16-42 76:16-42
 @ ./src/VisibleRoutes.tsx 4:0-50 13:48-56
 @ container entry ./VisibleRoutes[0]

ERROR in ./src/services/roleservice.ts 3:0-90
Module not found: Error: Can't resolve '@babel/runtime/helpers/possibleConstructorReturn' in '/home/mverde/src/taal/portaal-fe-full/portaal-fe-auth/src/services'
 @ ./src/pages/Role/component.tsx 7:0-57 50:19-37 72:16-42 74:16-42 76:16-42
 @ ./src/VisibleRoutes.tsx 4:0-50 13:48-56
 @ container entry ./VisibleRoutes[0]

ERROR in ./src/services/roleservice.ts 4:0-68
Module not found: Error: Can't resolve '@babel/runtime/helpers/getPrototypeOf' in '/home/mverde/src/taal/portaal-fe-full/portaal-fe-auth/src/services'
 @ ./src/pages/Role/component.tsx 7:0-57 50:19-37 72:16-42 74:16-42 76:16-42
 @ ./src/VisibleRoutes.tsx 4:0-50 13:48-56
 @ container entry ./VisibleRoutes[0]

ERROR in ./src/services/roleservice.ts 5:0-56
Module not found: Error: Can't resolve '@babel/runtime/helpers/inherits' in '/home/mverde/src/taal/portaal-fe-full/portaal-fe-auth/src/services'
 @ ./src/pages/Role/component.tsx 7:0-57 50:19-37 72:16-42 74:16-42 76:16-42
 @ ./src/VisibleRoutes.tsx 4:0-50 13:48-56
 @ container entry ./VisibleRoutes[0]

19 errors have detailed information that is not shown.
Use 'stats.errorDetails: true' resp. '--stats-error-details' to show it.

webpack 5.100.2 compiled with 19 errors in 3378 ms
