yarn run v1.22.22
$ webpack serve --open --mode development
<i> [webpack-dev-server] Project is running at:
<i> [webpack-dev-server] Loopback: http://localhost:3006/
<i> [webpack-dev-server] On Your Network (IPv4): http://192.168.1.246:3006/
<i> [webpack-dev-server] Content not from webpack is served from '/home/mverde/src/taal/portaal-fe-full/portaal-fe-auth/public' directory
<i> [webpack-dev-server] 404s will fallback to '/index.html'
<i> [webpack-dev-middleware] wait until bundle finished: /
Browserslist: caniuse-lite is outdated. Please run:
  npx update-browserslist-db@latest
  Why you should do it regularly: https://github.com/browserslist/update-db#readme

warn - The `darkMode` option in your Tailwind CSS configuration is set to `false`, which now behaves the same as `media`.
warn - Change `darkMode` to `media` or remove it entirely.
warn - https://tailwindcss.com/docs/upgrade-guide#remove-dark-mode-configuration
assets by chunk 443 KiB (id hint: vendors)
  asset vendors-node_modules_react-dom_index_js.js 271 KiB [emitted] [minimized] (id hint: vendors) 2 related assets
  asset vendors-node_modules_react-router-dom_dist_index_js.js 98.9 KiB [emitted] [minimized] (id hint: vendors) 2 related assets
  asset vendors-node_modules_react-device-detect_dist_lib_js.js 33.2 KiB [emitted] [minimized] (id hint: vendors) 2 related assets
  asset vendors-node_modules_react_index_js.js 25.7 KiB [emitted] [minimized] (id hint: vendors) 2 related assets
  asset vendors-node_modules_babel_runtime_helpers_esm_asyncToGenerator_js-node_modules_babel_runtime-67a641.js 14.4 KiB [emitted] [minimized] (id hint: vendors) 2 related assets
asset remoteEntry.js 138 KiB [emitted] [minimized] (name: auth) 2 related assets
asset main.js 138 KiB [emitted] [minimized] (name: main) 2 related assets
asset src_VisibleRoutes_tsx.js 36.9 KiB [emitted] [minimized] 2 related assets
asset src_App_tsx.js 11.2 KiB [emitted] [minimized] 2 related assets
asset src_services_profileService_ts.js 1.52 KiB [emitted] [minimized] 2 related assets
asset src_bootstrap_tsx.js 1.15 KiB [emitted] [minimized] 2 related assets
asset src_MfeInit_ts.js 422 bytes [emitted] [minimized] 2 related assets
asset index.html 350 bytes [emitted]
runtime modules 92.5 KiB 38 modules
javascript modules 1.69 MiB 104 modules
remote-module modules 84 bytes (remote) 84 bytes (share-init)
  modules by path remote common/services/ 18 bytes (remote) 18 bytes (share-init) 3 modules
  + 11 modules
provide-module modules 168 bytes
  provide shared module (default) react-device-detect@2.2.3 = ./node_modules/react...(truncated) 42 bytes [built] [code generated]
  provide shared module (default) react-dom@18.3.1 = ./node_modules/reac...(truncated) 42 bytes [built] [code generated]
  + 2 modules
consume-shared-module modules 168 bytes
  consume shared module (default) react@^18.2.0 (singleton) (fallback: ./node_modu...(truncated) 42 bytes [built] [code generated]
  consume shared module (default) react-dom@^18.2.0 (singleton) (fallback: ./node_...(truncated) 42 bytes [built] [code generated]
  + 2 modules
webpack 5.94.0 compiled successfully in 3505 ms
<i> [webpack-dev-server] Gracefully shutting down. To force exit, press ^C again. Please wait...
error Command failed with signal "SIGTERM".
info Visit https://yarnpkg.com/en/docs/cli/run for documentation about this command.
