yarn run v1.22.22
$ webpack serve --open --mode development
<i> [webpack-dev-server] Project is running at:
<i> [webpack-dev-server] Loopback: http://localhost:3003/
<i> [webpack-dev-server] On Your Network (IPv4): http://192.168.1.246:3003/
<i> [webpack-dev-server] Content not from webpack is served from '/home/mverde/src/taal/portaal-fe-full/portaal-fe-common/public' directory
<i> [webpack-dev-server] 404s will fallback to '/index.html'
<i> [webpack-dev-middleware] wait until bundle finished: /

warn - The `darkMode` option in your Tailwind CSS configuration is set to `false`, which now behaves the same as `media`.
warn - Change `darkMode` to `media` or remove it entirely.
warn - https://tailwindcss.com/docs/upgrade-guide#remove-dark-mode-configuration
<i> [webpack-dev-middleware] wait until bundle finished: /remoteEntry.js
assets by path *.js 6.64 MiB
  assets by chunk 5.96 MiB (id hint: vendors)
    asset vendors-node_modules_excel-viewer_src_index_js.js 1.07 MiB [emitted] [minimized] (id hint: vendors) 2 related assets
    asset vendors-node_modules_progress_kendo-react-editor_index_mjs.js 669 KiB [emitted] [minimized] (id hint: vendors) 2 related assets
    + 51 assets
  + 61 assets
assets by chunk 168 KiB (auxiliary id hint: vendors)
  assets by path *.svg 42.6 KiB 4 assets
  assets by path *.ttf 125 KiB
    asset kendo-font-icons.ttf 125 KiB [emitted] [from: node_modules/@progress/kendo-font-icons/dist/kendo-font-icons.ttf] (auxiliary id hint: vendors)
    asset 6f839a17074265e5251f.ttf 64 bytes [emitted] [immutable] [from: node_modules/@progress/kendo-font-icons/dist/kendo-font-icons.ttf] (auxiliary id hint: vendors)
assets by path assets/themes/*.css 2.17 MiB
  asset assets/themes/theme.css 1.08 MiB [emitted] [from: public/themes/theme.css] [copied] [minimized]
  asset assets/themes/theme_dark.css 1.08 MiB [emitted] [from: public/themes/theme_dark.css] [copied] [minimized]
asset index.html 389 bytes [emitted]
1656 modules
webpack 5.100.2 compiled successfully in 16459 ms
<i> [webpack-dev-server] Gracefully shutting down. To force exit, press ^C again. Please wait...
error Command failed with signal "SIGTERM".
info Visit https://yarnpkg.com/en/docs/cli/run for documentation about this command.
