yarn run v1.22.22
$ webpack serve --open --mode development
File TSX generato dinamicamente!
<i> [webpack-dev-server] Project is running at:
<i> [webpack-dev-server] Loopback: http://localhost:3000/
<i> [webpack-dev-server] On Your Network (IPv4): http://192.168.1.246:3000/
<i> [webpack-dev-server] Content not from webpack is served from '/home/mverde/src/taal/portaal-fe-full/portaal-fe-core/public' directory
<i> [webpack-dev-server] 404s will fallback to '/index.html'
<i> [webpack-dev-middleware] wait until bundle finished: /

warn - The `darkMode` option in your Tailwind CSS configuration is set to `false`, which now behaves the same as `media`.
warn - Change `darkMode` to `media` or remove it entirely.
warn - https://tailwindcss.com/docs/upgrade-guide#remove-dark-mode-configuration
assets by path image/ 61.1 KiB
  assets by path image/*.svg 35.6 KiB
    asset image/google_login_logo.svg 18 KiB [emitted] [from: public/image/google_login_logo.svg] [copied]
    + 2 assets
  assets by path image/*.png 25.4 KiB
    asset image/logoNexa.png 20.5 KiB [emitted] [from: public/image/logoNexa.png] [copied]
    asset image/google_play_logo.png 4.98 KiB [emitted] [from: public/image/google_play_logo.png] [copied]
assets by path *.js 542 KiB
  assets by chunk 134 KiB (id hint: vendors)
    asset vendors-node_modules_react-router-dom_dist_index_js.js 101 KiB [emitted] [minimized] (id hint: vendors) 2 related assets
    asset vendors-node_modules_react-device-detect_dist_lib_js.js 33.2 KiB [emitted] [minimized] (id hint: vendors) 2 related assets
  asset main.js 393 KiB [emitted] [minimized] (name: main) 2 related assets
  asset src_bootstrap_tsx.js 14.6 KiB [emitted] [minimized] 2 related assets
asset favicon.ico 3.35 KiB [emitted] [from: public/favicon.ico] [copied]
asset index.html 493 bytes [emitted]
runtime modules 51.3 KiB 21 modules
javascript modules 1.59 MiB
  modules by path ./node_modules/ 1.57 MiB 46 modules
  modules by path ./src/ 10.5 KiB 8 modules
  + 11 modules
remote-module modules 150 bytes (remote) 150 bytes (share-init) 25 modules
provide-module modules 168 bytes
  provide shared module (default) react-device-detect@2.2.3 = ./node_modules/react...(truncated) 42 bytes [built] [code generated]
  provide shared module (default) react-dom@18.3.1 = ./node_modules/reac...(truncated) 42 bytes [built] [code generated]
  + 2 modules
consume-shared-module modules 168 bytes
  consume shared module (default) react@^18.2.0 (strict) (singleton) (fallback: ./...(truncated) 42 bytes [built] [code generated]
  consume shared module (default) react-dom@^18.2.0 (strict) (singleton) (fallback...(truncated) 42 bytes [built] [code generated]
  consume shared module (default) react-router-dom@^6.3.0 (strict) (fallback: ./no...(truncated) 42 bytes [built] [code generated]
  consume shared module (default) react-device-detect@^2.2.3 (strict) (fallback: ....(truncated) 42 bytes [built] [code generated]

ERROR in ./src/App.tsx 1:0-74
Module not found: Error: Can't resolve '@babel/runtime/helpers/toConsumableArray' in '/home/mverde/src/taal/portaal-fe-full/portaal-fe-core/src'
resolve '@babel/runtime/helpers/toConsumableArray' in '/home/mverde/src/taal/portaal-fe-full/portaal-fe-core/src'
  Parsed request is a module
  using description file: /home/mverde/src/taal/portaal-fe-full/portaal-fe-core/package.json (relative path: ./src)
    Field 'browser' doesn't contain a valid alias configuration
    resolve as module
      /home/mverde/src/taal/portaal-fe-full/portaal-fe-core/src/node_modules doesn't exist or is not a directory
      looking for modules in /home/mverde/src/taal/portaal-fe-full/portaal-fe-core/node_modules
        /home/mverde/src/taal/portaal-fe-full/portaal-fe-core/node_modules/@babel/runtime doesn't exist
      /home/mverde/src/taal/portaal-fe-full/node_modules doesn't exist or is not a directory
      /home/mverde/src/taal/node_modules doesn't exist or is not a directory
      /home/mverde/src/node_modules doesn't exist or is not a directory
      /home/mverde/node_modules doesn't exist or is not a directory
      /home/node_modules doesn't exist or is not a directory
      /node_modules doesn't exist or is not a directory
 @ ./src/bootstrap.tsx 3:0-28 6:99-102
 @ ./src/index.ts 1:0-21

ERROR in ./src/App.tsx 2:0-66
Module not found: Error: Can't resolve '@babel/runtime/helpers/slicedToArray' in '/home/mverde/src/taal/portaal-fe-full/portaal-fe-core/src'
resolve '@babel/runtime/helpers/slicedToArray' in '/home/mverde/src/taal/portaal-fe-full/portaal-fe-core/src'
  Parsed request is a module
  using description file: /home/mverde/src/taal/portaal-fe-full/portaal-fe-core/package.json (relative path: ./src)
    Field 'browser' doesn't contain a valid alias configuration
    resolve as module
      /home/mverde/src/taal/portaal-fe-full/portaal-fe-core/src/node_modules doesn't exist or is not a directory
      looking for modules in /home/mverde/src/taal/portaal-fe-full/portaal-fe-core/node_modules
        /home/mverde/src/taal/portaal-fe-full/portaal-fe-core/node_modules/@babel/runtime doesn't exist
      /home/mverde/src/taal/portaal-fe-full/node_modules doesn't exist or is not a directory
      /home/mverde/src/taal/node_modules doesn't exist or is not a directory
      /home/mverde/src/node_modules doesn't exist or is not a directory
      /home/mverde/node_modules doesn't exist or is not a directory
      /home/node_modules doesn't exist or is not a directory
      /node_modules doesn't exist or is not a directory
 @ ./src/bootstrap.tsx 3:0-28 6:99-102
 @ ./src/index.ts 1:0-21

webpack 5.100.2 compiled with 2 errors in 3443 ms
<i> [webpack-dev-middleware] wait until bundle finished: /main.js
assets by status 213 KiB [cached] 10 assets
assets by status 393 KiB [emitted]
  asset main.js 393 KiB [emitted] [minimized] (name: main) 2 related assets
  asset main.fdbd9438c0ac258b28ed.hot-update.js 162 bytes [emitted] [immutable] [hmr] [minimized] (name: main) 1 related asset
  asset main.fdbd9438c0ac258b28ed.hot-update.json 28 bytes [emitted] [immutable] [hmr]
Entrypoint main 393 KiB (1.81 MiB) = main.js 393 KiB main.fdbd9438c0ac258b28ed.hot-update.js 162 bytes 2 auxiliary assets
cached modules 1.58 MiB (javascript) 318 bytes (share-init) 168 bytes (consume-shared) 150 bytes (remote) [cached] 97 modules
runtime modules 51.3 KiB 21 modules
./src/mfeConfig.ts 1.19 KiB [built]

ERROR in ./src/App.tsx 1:0-74
Module not found: Error: Can't resolve '@babel/runtime/helpers/toConsumableArray' in '/home/mverde/src/taal/portaal-fe-full/portaal-fe-core/src'
resolve '@babel/runtime/helpers/toConsumableArray' in '/home/mverde/src/taal/portaal-fe-full/portaal-fe-core/src'
  Parsed request is a module
  using description file: /home/mverde/src/taal/portaal-fe-full/portaal-fe-core/package.json (relative path: ./src)
    Field 'browser' doesn't contain a valid alias configuration
    resolve as module
      /home/mverde/src/taal/portaal-fe-full/portaal-fe-core/src/node_modules doesn't exist or is not a directory
      looking for modules in /home/mverde/src/taal/portaal-fe-full/portaal-fe-core/node_modules
        /home/mverde/src/taal/portaal-fe-full/portaal-fe-core/node_modules/@babel/runtime doesn't exist
      /home/mverde/src/taal/portaal-fe-full/node_modules doesn't exist or is not a directory
      /home/mverde/src/taal/node_modules doesn't exist or is not a directory
      /home/mverde/src/node_modules doesn't exist or is not a directory
      /home/mverde/node_modules doesn't exist or is not a directory
      /home/node_modules doesn't exist or is not a directory
      /node_modules doesn't exist or is not a directory
 @ ./src/bootstrap.tsx 3:0-28 6:99-102
 @ ./src/index.ts 1:0-21

ERROR in ./src/App.tsx 2:0-66
Module not found: Error: Can't resolve '@babel/runtime/helpers/slicedToArray' in '/home/mverde/src/taal/portaal-fe-full/portaal-fe-core/src'
resolve '@babel/runtime/helpers/slicedToArray' in '/home/mverde/src/taal/portaal-fe-full/portaal-fe-core/src'
  Parsed request is a module
  using description file: /home/mverde/src/taal/portaal-fe-full/portaal-fe-core/package.json (relative path: ./src)
    Field 'browser' doesn't contain a valid alias configuration
    resolve as module
      /home/mverde/src/taal/portaal-fe-full/portaal-fe-core/src/node_modules doesn't exist or is not a directory
      looking for modules in /home/mverde/src/taal/portaal-fe-full/portaal-fe-core/node_modules
        /home/mverde/src/taal/portaal-fe-full/portaal-fe-core/node_modules/@babel/runtime doesn't exist
      /home/mverde/src/taal/portaal-fe-full/node_modules doesn't exist or is not a directory
      /home/mverde/src/taal/node_modules doesn't exist or is not a directory
      /home/mverde/src/node_modules doesn't exist or is not a directory
      /home/mverde/node_modules doesn't exist or is not a directory
      /home/node_modules doesn't exist or is not a directory
      /node_modules doesn't exist or is not a directory
 @ ./src/bootstrap.tsx 3:0-28 6:99-102
 @ ./src/index.ts 1:0-21

webpack 5.100.2 compiled with 2 errors in 2221 ms
assets by status 199 KiB [cached] 9 assets
assets by status 405 KiB [emitted]
  assets by info 6.34 KiB [immutable]
    asset main.442e50b8a9b7fcd07897.hot-update.js 3.65 KiB [emitted] [immutable] [hmr] [minimized] (name: main) 2 related assets
    asset main.442e50b8a9b7fcd07897.hot-update.json 1.63 KiB [emitted] [immutable] [hmr]
    asset src_bootstrap_tsx.442e50b8a9b7fcd07897.hot-update.js 1.05 KiB [emitted] [immutable] [hmr] [minimized] 2 related assets
  asset main.js 386 KiB [emitted] [minimized] (name: main) 2 related assets
  asset src_bootstrap_tsx.js 12.7 KiB [emitted] [minimized] 2 related assets
Entrypoint main 390 KiB (1.8 MiB) = main.js 386 KiB main.442e50b8a9b7fcd07897.hot-update.js 3.65 KiB 2 auxiliary assets
cached modules 1.58 MiB (javascript) 222 bytes (share-init) 168 bytes (consume-shared) 54 bytes (remote) [cached] 73 modules
runtime modules 47.6 KiB 21 modules
./src/mfeConfig.ts 402 bytes [built] [code generated]

ERROR in ./src/App.tsx 1:0-74
Module not found: Error: Can't resolve '@babel/runtime/helpers/toConsumableArray' in '/home/mverde/src/taal/portaal-fe-full/portaal-fe-core/src'
resolve '@babel/runtime/helpers/toConsumableArray' in '/home/mverde/src/taal/portaal-fe-full/portaal-fe-core/src'
  Parsed request is a module
  using description file: /home/mverde/src/taal/portaal-fe-full/portaal-fe-core/package.json (relative path: ./src)
    Field 'browser' doesn't contain a valid alias configuration
    resolve as module
      /home/mverde/src/taal/portaal-fe-full/portaal-fe-core/src/node_modules doesn't exist or is not a directory
      looking for modules in /home/mverde/src/taal/portaal-fe-full/portaal-fe-core/node_modules
        /home/mverde/src/taal/portaal-fe-full/portaal-fe-core/node_modules/@babel/runtime doesn't exist
      /home/mverde/src/taal/portaal-fe-full/node_modules doesn't exist or is not a directory
      /home/mverde/src/taal/node_modules doesn't exist or is not a directory
      /home/mverde/src/node_modules doesn't exist or is not a directory
      /home/mverde/node_modules doesn't exist or is not a directory
      /home/node_modules doesn't exist or is not a directory
      /node_modules doesn't exist or is not a directory
 @ ./src/bootstrap.tsx 3:0-28 6:99-102
 @ ./src/index.ts 1:0-21

ERROR in ./src/App.tsx 2:0-66
Module not found: Error: Can't resolve '@babel/runtime/helpers/slicedToArray' in '/home/mverde/src/taal/portaal-fe-full/portaal-fe-core/src'
resolve '@babel/runtime/helpers/slicedToArray' in '/home/mverde/src/taal/portaal-fe-full/portaal-fe-core/src'
  Parsed request is a module
  using description file: /home/mverde/src/taal/portaal-fe-full/portaal-fe-core/package.json (relative path: ./src)
    Field 'browser' doesn't contain a valid alias configuration
    resolve as module
      /home/mverde/src/taal/portaal-fe-full/portaal-fe-core/src/node_modules doesn't exist or is not a directory
      looking for modules in /home/mverde/src/taal/portaal-fe-full/portaal-fe-core/node_modules
        /home/mverde/src/taal/portaal-fe-full/portaal-fe-core/node_modules/@babel/runtime doesn't exist
      /home/mverde/src/taal/portaal-fe-full/node_modules doesn't exist or is not a directory
      /home/mverde/src/taal/node_modules doesn't exist or is not a directory
      /home/mverde/src/node_modules doesn't exist or is not a directory
      /home/mverde/node_modules doesn't exist or is not a directory
      /home/node_modules doesn't exist or is not a directory
      /node_modules doesn't exist or is not a directory
 @ ./src/bootstrap.tsx 3:0-28 6:99-102
 @ ./src/index.ts 1:0-21

webpack 5.100.2 compiled with 2 errors in 2235 ms
assets by status 598 KiB [cached] 11 assets
cached modules 1.58 MiB (javascript) 222 bytes (share-init) 168 bytes (consume-shared) 54 bytes (remote) 47.6 KiB (runtime) [cached] 95 modules

LOG from webpack.FileSystemInfo
<w> Managed item /home/mverde/src/taal/portaal-fe-full/portaal-fe-core/node_modules/@babel/runtime isn't a directory or doesn't contain a package.json (see snapshot.managedPaths option)
+ 13 hidden lines

ERROR in ./src/App.tsx 1:0-74
Module not found: Error: Can't resolve '@babel/runtime/helpers/toConsumableArray' in '/home/mverde/src/taal/portaal-fe-full/portaal-fe-core/src'
resolve '@babel/runtime/helpers/toConsumableArray' in '/home/mverde/src/taal/portaal-fe-full/portaal-fe-core/src'
  Parsed request is a module
  using description file: /home/mverde/src/taal/portaal-fe-full/portaal-fe-core/package.json (relative path: ./src)
    Field 'browser' doesn't contain a valid alias configuration
    resolve as module
      /home/mverde/src/taal/portaal-fe-full/portaal-fe-core/src/node_modules doesn't exist or is not a directory
      looking for modules in /home/mverde/src/taal/portaal-fe-full/portaal-fe-core/node_modules
        existing directory /home/mverde/src/taal/portaal-fe-full/portaal-fe-core/node_modules/@babel/runtime
          using description file: /home/mverde/src/taal/portaal-fe-full/portaal-fe-core/package.json (relative path: ./node_modules/@babel/runtime)
            using description file: /home/mverde/src/taal/portaal-fe-full/portaal-fe-core/package.json (relative path: ./node_modules/@babel/runtime/helpers/toConsumableArray)
              no extension
                Field 'browser' doesn't contain a valid alias configuration
                /home/mverde/src/taal/portaal-fe-full/portaal-fe-core/node_modules/@babel/runtime/helpers/toConsumableArray doesn't exist
              .tsx
                Field 'browser' doesn't contain a valid alias configuration
                /home/mverde/src/taal/portaal-fe-full/portaal-fe-core/node_modules/@babel/runtime/helpers/toConsumableArray.tsx doesn't exist
              .ts
                Field 'browser' doesn't contain a valid alias configuration
                /home/mverde/src/taal/portaal-fe-full/portaal-fe-core/node_modules/@babel/runtime/helpers/toConsumableArray.ts doesn't exist
              .jsx
                Field 'browser' doesn't contain a valid alias configuration
                /home/mverde/src/taal/portaal-fe-full/portaal-fe-core/node_modules/@babel/runtime/helpers/toConsumableArray.jsx doesn't exist
              .js
                Field 'browser' doesn't contain a valid alias configuration
                /home/mverde/src/taal/portaal-fe-full/portaal-fe-core/node_modules/@babel/runtime/helpers/toConsumableArray.js doesn't exist
              .json
                Field 'browser' doesn't contain a valid alias configuration
                /home/mverde/src/taal/portaal-fe-full/portaal-fe-core/node_modules/@babel/runtime/helpers/toConsumableArray.json doesn't exist
              as directory
                /home/mverde/src/taal/portaal-fe-full/portaal-fe-core/node_modules/@babel/runtime/helpers/toConsumableArray doesn't exist
      /home/mverde/src/taal/portaal-fe-full/node_modules doesn't exist or is not a directory
      /home/mverde/src/taal/node_modules doesn't exist or is not a directory
      /home/mverde/src/node_modules doesn't exist or is not a directory
      /home/mverde/node_modules doesn't exist or is not a directory
      /home/node_modules doesn't exist or is not a directory
      /node_modules doesn't exist or is not a directory
 @ ./src/bootstrap.tsx 3:0-28 6:99-102
 @ ./src/index.ts 1:0-21

ERROR in ./src/App.tsx 2:0-66
Module not found: Error: Can't resolve '@babel/runtime/helpers/slicedToArray' in '/home/mverde/src/taal/portaal-fe-full/portaal-fe-core/src'
resolve '@babel/runtime/helpers/slicedToArray' in '/home/mverde/src/taal/portaal-fe-full/portaal-fe-core/src'
  Parsed request is a module
  using description file: /home/mverde/src/taal/portaal-fe-full/portaal-fe-core/package.json (relative path: ./src)
    Field 'browser' doesn't contain a valid alias configuration
    resolve as module
      /home/mverde/src/taal/portaal-fe-full/portaal-fe-core/src/node_modules doesn't exist or is not a directory
      looking for modules in /home/mverde/src/taal/portaal-fe-full/portaal-fe-core/node_modules
        existing directory /home/mverde/src/taal/portaal-fe-full/portaal-fe-core/node_modules/@babel/runtime
          using description file: /home/mverde/src/taal/portaal-fe-full/portaal-fe-core/package.json (relative path: ./node_modules/@babel/runtime)
            using description file: /home/mverde/src/taal/portaal-fe-full/portaal-fe-core/package.json (relative path: ./node_modules/@babel/runtime/helpers/slicedToArray)
              no extension
                Field 'browser' doesn't contain a valid alias configuration
                /home/mverde/src/taal/portaal-fe-full/portaal-fe-core/node_modules/@babel/runtime/helpers/slicedToArray doesn't exist
              .tsx
                Field 'browser' doesn't contain a valid alias configuration
                /home/mverde/src/taal/portaal-fe-full/portaal-fe-core/node_modules/@babel/runtime/helpers/slicedToArray.tsx doesn't exist
              .ts
                Field 'browser' doesn't contain a valid alias configuration
                /home/mverde/src/taal/portaal-fe-full/portaal-fe-core/node_modules/@babel/runtime/helpers/slicedToArray.ts doesn't exist
              .jsx
                Field 'browser' doesn't contain a valid alias configuration
                /home/mverde/src/taal/portaal-fe-full/portaal-fe-core/node_modules/@babel/runtime/helpers/slicedToArray.jsx doesn't exist
              .js
                Field 'browser' doesn't contain a valid alias configuration
                /home/mverde/src/taal/portaal-fe-full/portaal-fe-core/node_modules/@babel/runtime/helpers/slicedToArray.js doesn't exist
              .json
                Field 'browser' doesn't contain a valid alias configuration
                /home/mverde/src/taal/portaal-fe-full/portaal-fe-core/node_modules/@babel/runtime/helpers/slicedToArray.json doesn't exist
              as directory
                /home/mverde/src/taal/portaal-fe-full/portaal-fe-core/node_modules/@babel/runtime/helpers/slicedToArray doesn't exist
      /home/mverde/src/taal/portaal-fe-full/node_modules doesn't exist or is not a directory
      /home/mverde/src/taal/node_modules doesn't exist or is not a directory
      /home/mverde/src/node_modules doesn't exist or is not a directory
      /home/mverde/node_modules doesn't exist or is not a directory
      /home/node_modules doesn't exist or is not a directory
      /node_modules doesn't exist or is not a directory
 @ ./src/bootstrap.tsx 3:0-28 6:99-102
 @ ./src/index.ts 1:0-21

webpack 5.100.2 compiled with 2 errors in 27 ms
assets by status 598 KiB [cached] 11 assets
cached modules 1.58 MiB (javascript) 222 bytes (share-init) 168 bytes (consume-shared) 54 bytes (remote) 47.6 KiB (runtime) [cached] 95 modules

ERROR in ./src/App.tsx 1:0-74
Module not found: Error: Can't resolve '@babel/runtime/helpers/toConsumableArray' in '/home/mverde/src/taal/portaal-fe-full/portaal-fe-core/src'
resolve '@babel/runtime/helpers/toConsumableArray' in '/home/mverde/src/taal/portaal-fe-full/portaal-fe-core/src'
  Parsed request is a module
  using description file: /home/mverde/src/taal/portaal-fe-full/portaal-fe-core/package.json (relative path: ./src)
    Field 'browser' doesn't contain a valid alias configuration
    resolve as module
      /home/mverde/src/taal/portaal-fe-full/portaal-fe-core/src/node_modules doesn't exist or is not a directory
      looking for modules in /home/mverde/src/taal/portaal-fe-full/portaal-fe-core/node_modules
        existing directory /home/mverde/src/taal/portaal-fe-full/portaal-fe-core/node_modules/@babel/runtime
          using description file: /home/mverde/src/taal/portaal-fe-full/portaal-fe-core/node_modules/@babel/runtime/package.json (relative path: .)
            using exports field: ./helpers/esm/toConsumableArray.js
              using description file: /home/mverde/src/taal/portaal-fe-full/portaal-fe-core/node_modules/@babel/runtime/package.json (relative path: ./helpers/esm/toConsumableArray.js)
                no extension
                  Field 'browser' doesn't contain a valid alias configuration
                  /home/mverde/src/taal/portaal-fe-full/portaal-fe-core/node_modules/@babel/runtime/helpers/esm/toConsumableArray.js doesn't exist
                .tsx
                  Field 'browser' doesn't contain a valid alias configuration
                  /home/mverde/src/taal/portaal-fe-full/portaal-fe-core/node_modules/@babel/runtime/helpers/esm/toConsumableArray.js.tsx doesn't exist
                .ts
                  Field 'browser' doesn't contain a valid alias configuration
                  /home/mverde/src/taal/portaal-fe-full/portaal-fe-core/node_modules/@babel/runtime/helpers/esm/toConsumableArray.js.ts doesn't exist
                .jsx
                  Field 'browser' doesn't contain a valid alias configuration
                  /home/mverde/src/taal/portaal-fe-full/portaal-fe-core/node_modules/@babel/runtime/helpers/esm/toConsumableArray.js.jsx doesn't exist
                .js
                  Field 'browser' doesn't contain a valid alias configuration
                  /home/mverde/src/taal/portaal-fe-full/portaal-fe-core/node_modules/@babel/runtime/helpers/esm/toConsumableArray.js.js doesn't exist
                .json
                  Field 'browser' doesn't contain a valid alias configuration
                  /home/mverde/src/taal/portaal-fe-full/portaal-fe-core/node_modules/@babel/runtime/helpers/esm/toConsumableArray.js.json doesn't exist
                as directory
                  /home/mverde/src/taal/portaal-fe-full/portaal-fe-core/node_modules/@babel/runtime/helpers/esm/toConsumableArray.js doesn't exist
      /home/mverde/src/taal/portaal-fe-full/node_modules doesn't exist or is not a directory
      /home/mverde/src/taal/node_modules doesn't exist or is not a directory
      /home/mverde/src/node_modules doesn't exist or is not a directory
      /home/mverde/node_modules doesn't exist or is not a directory
      /home/node_modules doesn't exist or is not a directory
      /node_modules doesn't exist or is not a directory
 @ ./src/bootstrap.tsx 3:0-28 6:99-102
 @ ./src/index.ts 1:0-21

ERROR in ./src/App.tsx 2:0-66
Module not found: Error: Can't resolve '@babel/runtime/helpers/slicedToArray' in '/home/mverde/src/taal/portaal-fe-full/portaal-fe-core/src'
resolve '@babel/runtime/helpers/slicedToArray' in '/home/mverde/src/taal/portaal-fe-full/portaal-fe-core/src'
  Parsed request is a module
  using description file: /home/mverde/src/taal/portaal-fe-full/portaal-fe-core/package.json (relative path: ./src)
    Field 'browser' doesn't contain a valid alias configuration
    resolve as module
      /home/mverde/src/taal/portaal-fe-full/portaal-fe-core/src/node_modules doesn't exist or is not a directory
      looking for modules in /home/mverde/src/taal/portaal-fe-full/portaal-fe-core/node_modules
        existing directory /home/mverde/src/taal/portaal-fe-full/portaal-fe-core/node_modules/@babel/runtime
          using description file: /home/mverde/src/taal/portaal-fe-full/portaal-fe-core/node_modules/@babel/runtime/package.json (relative path: .)
            using exports field: ./helpers/esm/slicedToArray.js
              using description file: /home/mverde/src/taal/portaal-fe-full/portaal-fe-core/node_modules/@babel/runtime/package.json (relative path: ./helpers/esm/slicedToArray.js)
                no extension
                  Field 'browser' doesn't contain a valid alias configuration
                  /home/mverde/src/taal/portaal-fe-full/portaal-fe-core/node_modules/@babel/runtime/helpers/esm/slicedToArray.js doesn't exist
                .tsx
                  Field 'browser' doesn't contain a valid alias configuration
                  /home/mverde/src/taal/portaal-fe-full/portaal-fe-core/node_modules/@babel/runtime/helpers/esm/slicedToArray.js.tsx doesn't exist
                .ts
                  Field 'browser' doesn't contain a valid alias configuration
                  /home/mverde/src/taal/portaal-fe-full/portaal-fe-core/node_modules/@babel/runtime/helpers/esm/slicedToArray.js.ts doesn't exist
                .jsx
                  Field 'browser' doesn't contain a valid alias configuration
                  /home/mverde/src/taal/portaal-fe-full/portaal-fe-core/node_modules/@babel/runtime/helpers/esm/slicedToArray.js.jsx doesn't exist
                .js
                  Field 'browser' doesn't contain a valid alias configuration
                  /home/mverde/src/taal/portaal-fe-full/portaal-fe-core/node_modules/@babel/runtime/helpers/esm/slicedToArray.js.js doesn't exist
                .json
                  Field 'browser' doesn't contain a valid alias configuration
                  /home/mverde/src/taal/portaal-fe-full/portaal-fe-core/node_modules/@babel/runtime/helpers/esm/slicedToArray.js.json doesn't exist
                as directory
                  /home/mverde/src/taal/portaal-fe-full/portaal-fe-core/node_modules/@babel/runtime/helpers/esm/slicedToArray.js doesn't exist
      /home/mverde/src/taal/portaal-fe-full/node_modules doesn't exist or is not a directory
      /home/mverde/src/taal/node_modules doesn't exist or is not a directory
      /home/mverde/src/node_modules doesn't exist or is not a directory
      /home/mverde/node_modules doesn't exist or is not a directory
      /home/node_modules doesn't exist or is not a directory
      /node_modules doesn't exist or is not a directory
 @ ./src/bootstrap.tsx 3:0-28 6:99-102
 @ ./src/index.ts 1:0-21

webpack 5.100.2 compiled with 2 errors in 26 ms
assets by status 598 KiB [cached] 11 assets
cached modules 1.58 MiB (javascript) 222 bytes (share-init) 168 bytes (consume-shared) 54 bytes (remote) 47.6 KiB (runtime) [cached] 95 modules

ERROR in ./src/App.tsx 1:0-74
Module not found: Error: Can't resolve '@babel/runtime/helpers/toConsumableArray' in '/home/mverde/src/taal/portaal-fe-full/portaal-fe-core/src'
resolve '@babel/runtime/helpers/toConsumableArray' in '/home/mverde/src/taal/portaal-fe-full/portaal-fe-core/src'
  Parsed request is a module
  using description file: /home/mverde/src/taal/portaal-fe-full/portaal-fe-core/package.json (relative path: ./src)
    Field 'browser' doesn't contain a valid alias configuration
    resolve as module
      /home/mverde/src/taal/portaal-fe-full/portaal-fe-core/src/node_modules doesn't exist or is not a directory
      looking for modules in /home/mverde/src/taal/portaal-fe-full/portaal-fe-core/node_modules
        existing directory /home/mverde/src/taal/portaal-fe-full/portaal-fe-core/node_modules/@babel/runtime
          using description file: /home/mverde/src/taal/portaal-fe-full/portaal-fe-core/node_modules/@babel/runtime/package.json (relative path: .)
            using exports field: ./helpers/esm/toConsumableArray.js
              using description file: /home/mverde/src/taal/portaal-fe-full/portaal-fe-core/node_modules/@babel/runtime/package.json (relative path: ./helpers/esm/toConsumableArray.js)
                no extension
                  Field 'browser' doesn't contain a valid alias configuration
                  /home/mverde/src/taal/portaal-fe-full/portaal-fe-core/node_modules/@babel/runtime/helpers/esm/toConsumableArray.js doesn't exist
                .tsx
                  Field 'browser' doesn't contain a valid alias configuration
                  /home/mverde/src/taal/portaal-fe-full/portaal-fe-core/node_modules/@babel/runtime/helpers/esm/toConsumableArray.js.tsx doesn't exist
                .ts
                  Field 'browser' doesn't contain a valid alias configuration
                  /home/mverde/src/taal/portaal-fe-full/portaal-fe-core/node_modules/@babel/runtime/helpers/esm/toConsumableArray.js.ts doesn't exist
                .jsx
                  Field 'browser' doesn't contain a valid alias configuration
                  /home/mverde/src/taal/portaal-fe-full/portaal-fe-core/node_modules/@babel/runtime/helpers/esm/toConsumableArray.js.jsx doesn't exist
                .js
                  Field 'browser' doesn't contain a valid alias configuration
                  /home/mverde/src/taal/portaal-fe-full/portaal-fe-core/node_modules/@babel/runtime/helpers/esm/toConsumableArray.js.js doesn't exist
                .json
                  Field 'browser' doesn't contain a valid alias configuration
                  /home/mverde/src/taal/portaal-fe-full/portaal-fe-core/node_modules/@babel/runtime/helpers/esm/toConsumableArray.js.json doesn't exist
                as directory
                  /home/mverde/src/taal/portaal-fe-full/portaal-fe-core/node_modules/@babel/runtime/helpers/esm/toConsumableArray.js doesn't exist
      /home/mverde/src/taal/portaal-fe-full/node_modules doesn't exist or is not a directory
      /home/mverde/src/taal/node_modules doesn't exist or is not a directory
      /home/mverde/src/node_modules doesn't exist or is not a directory
      /home/mverde/node_modules doesn't exist or is not a directory
      /home/node_modules doesn't exist or is not a directory
      /node_modules doesn't exist or is not a directory
 @ ./src/bootstrap.tsx 3:0-28 6:99-102
 @ ./src/index.ts 1:0-21

ERROR in ./src/App.tsx 2:0-66
Module not found: Error: Can't resolve '@babel/runtime/helpers/slicedToArray' in '/home/mverde/src/taal/portaal-fe-full/portaal-fe-core/src'
resolve '@babel/runtime/helpers/slicedToArray' in '/home/mverde/src/taal/portaal-fe-full/portaal-fe-core/src'
  Parsed request is a module
  using description file: /home/mverde/src/taal/portaal-fe-full/portaal-fe-core/package.json (relative path: ./src)
    Field 'browser' doesn't contain a valid alias configuration
    resolve as module
      /home/mverde/src/taal/portaal-fe-full/portaal-fe-core/src/node_modules doesn't exist or is not a directory
      looking for modules in /home/mverde/src/taal/portaal-fe-full/portaal-fe-core/node_modules
        existing directory /home/mverde/src/taal/portaal-fe-full/portaal-fe-core/node_modules/@babel/runtime
          using description file: /home/mverde/src/taal/portaal-fe-full/portaal-fe-core/node_modules/@babel/runtime/package.json (relative path: .)
            using exports field: ./helpers/esm/slicedToArray.js
              using description file: /home/mverde/src/taal/portaal-fe-full/portaal-fe-core/node_modules/@babel/runtime/package.json (relative path: ./helpers/esm/slicedToArray.js)
                no extension
                  Field 'browser' doesn't contain a valid alias configuration
                  /home/mverde/src/taal/portaal-fe-full/portaal-fe-core/node_modules/@babel/runtime/helpers/esm/slicedToArray.js doesn't exist
                .tsx
                  Field 'browser' doesn't contain a valid alias configuration
                  /home/mverde/src/taal/portaal-fe-full/portaal-fe-core/node_modules/@babel/runtime/helpers/esm/slicedToArray.js.tsx doesn't exist
                .ts
                  Field 'browser' doesn't contain a valid alias configuration
                  /home/mverde/src/taal/portaal-fe-full/portaal-fe-core/node_modules/@babel/runtime/helpers/esm/slicedToArray.js.ts doesn't exist
                .jsx
                  Field 'browser' doesn't contain a valid alias configuration
                  /home/mverde/src/taal/portaal-fe-full/portaal-fe-core/node_modules/@babel/runtime/helpers/esm/slicedToArray.js.jsx doesn't exist
                .js
                  Field 'browser' doesn't contain a valid alias configuration
                  /home/mverde/src/taal/portaal-fe-full/portaal-fe-core/node_modules/@babel/runtime/helpers/esm/slicedToArray.js.js doesn't exist
                .json
                  Field 'browser' doesn't contain a valid alias configuration
                  /home/mverde/src/taal/portaal-fe-full/portaal-fe-core/node_modules/@babel/runtime/helpers/esm/slicedToArray.js.json doesn't exist
                as directory
                  /home/mverde/src/taal/portaal-fe-full/portaal-fe-core/node_modules/@babel/runtime/helpers/esm/slicedToArray.js doesn't exist
      /home/mverde/src/taal/portaal-fe-full/node_modules doesn't exist or is not a directory
      /home/mverde/src/taal/node_modules doesn't exist or is not a directory
      /home/mverde/src/node_modules doesn't exist or is not a directory
      /home/mverde/node_modules doesn't exist or is not a directory
      /home/node_modules doesn't exist or is not a directory
      /node_modules doesn't exist or is not a directory
 @ ./src/bootstrap.tsx 3:0-28 6:99-102
 @ ./src/index.ts 1:0-21

webpack 5.100.2 compiled with 2 errors in 26 ms
assets by status 211 KiB [cached] 9 assets
assets by status 387 KiB [emitted]
  assets by path *.js 386 KiB
    asset main.js 386 KiB [emitted] [minimized] (name: main) 2 related assets
    asset main.2a05a20c4af2dc9f1f0a.hot-update.js 162 bytes [emitted] [immutable] [hmr] [minimized] (name: main) 1 related asset
  asset index.html 493 bytes [emitted]
  asset main.2a05a20c4af2dc9f1f0a.hot-update.json 28 bytes [emitted] [immutable] [hmr]
Entrypoint main 386 KiB (1.79 MiB) = main.js 386 KiB main.2a05a20c4af2dc9f1f0a.hot-update.js 162 bytes 2 auxiliary assets
cached modules 1.58 MiB (javascript) 222 bytes (share-init) 168 bytes (consume-shared) 54 bytes (remote) [cached] 74 modules
runtime modules 47.6 KiB 21 modules

ERROR in ./src/App.tsx 1:0-74
Module not found: Error: Can't resolve '@babel/runtime/helpers/toConsumableArray' in '/home/mverde/src/taal/portaal-fe-full/portaal-fe-core/src'
resolve '@babel/runtime/helpers/toConsumableArray' in '/home/mverde/src/taal/portaal-fe-full/portaal-fe-core/src'
  Parsed request is a module
  using description file: /home/mverde/src/taal/portaal-fe-full/portaal-fe-core/package.json (relative path: ./src)
    Field 'browser' doesn't contain a valid alias configuration
    resolve as module
      /home/mverde/src/taal/portaal-fe-full/portaal-fe-core/src/node_modules doesn't exist or is not a directory
      looking for modules in /home/mverde/src/taal/portaal-fe-full/portaal-fe-core/node_modules
        existing directory /home/mverde/src/taal/portaal-fe-full/portaal-fe-core/node_modules/@babel/runtime
          using description file: /home/mverde/src/taal/portaal-fe-full/portaal-fe-core/node_modules/@babel/runtime/package.json (relative path: .)
            using exports field: ./helpers/esm/toConsumableArray.js
              using description file: /home/mverde/src/taal/portaal-fe-full/portaal-fe-core/node_modules/@babel/runtime/package.json (relative path: ./helpers/esm/toConsumableArray.js)
                no extension
                  Field 'browser' doesn't contain a valid alias configuration
                  /home/mverde/src/taal/portaal-fe-full/portaal-fe-core/node_modules/@babel/runtime/helpers/esm/toConsumableArray.js doesn't exist
                .tsx
                  Field 'browser' doesn't contain a valid alias configuration
                  /home/mverde/src/taal/portaal-fe-full/portaal-fe-core/node_modules/@babel/runtime/helpers/esm/toConsumableArray.js.tsx doesn't exist
                .ts
                  Field 'browser' doesn't contain a valid alias configuration
                  /home/mverde/src/taal/portaal-fe-full/portaal-fe-core/node_modules/@babel/runtime/helpers/esm/toConsumableArray.js.ts doesn't exist
                .jsx
                  Field 'browser' doesn't contain a valid alias configuration
                  /home/mverde/src/taal/portaal-fe-full/portaal-fe-core/node_modules/@babel/runtime/helpers/esm/toConsumableArray.js.jsx doesn't exist
                .js
                  Field 'browser' doesn't contain a valid alias configuration
                  /home/mverde/src/taal/portaal-fe-full/portaal-fe-core/node_modules/@babel/runtime/helpers/esm/toConsumableArray.js.js doesn't exist
                .json
                  Field 'browser' doesn't contain a valid alias configuration
                  /home/mverde/src/taal/portaal-fe-full/portaal-fe-core/node_modules/@babel/runtime/helpers/esm/toConsumableArray.js.json doesn't exist
                as directory
                  /home/mverde/src/taal/portaal-fe-full/portaal-fe-core/node_modules/@babel/runtime/helpers/esm/toConsumableArray.js doesn't exist
      /home/mverde/src/taal/portaal-fe-full/node_modules doesn't exist or is not a directory
      /home/mverde/src/taal/node_modules doesn't exist or is not a directory
      /home/mverde/src/node_modules doesn't exist or is not a directory
      /home/mverde/node_modules doesn't exist or is not a directory
      /home/node_modules doesn't exist or is not a directory
      /node_modules doesn't exist or is not a directory
 @ ./src/bootstrap.tsx 3:0-28 6:99-102
 @ ./src/index.ts 1:0-21

ERROR in ./src/App.tsx 2:0-66
Module not found: Error: Can't resolve '@babel/runtime/helpers/slicedToArray' in '/home/mverde/src/taal/portaal-fe-full/portaal-fe-core/src'
resolve '@babel/runtime/helpers/slicedToArray' in '/home/mverde/src/taal/portaal-fe-full/portaal-fe-core/src'
  Parsed request is a module
  using description file: /home/mverde/src/taal/portaal-fe-full/portaal-fe-core/package.json (relative path: ./src)
    Field 'browser' doesn't contain a valid alias configuration
    resolve as module
      /home/mverde/src/taal/portaal-fe-full/portaal-fe-core/src/node_modules doesn't exist or is not a directory
      looking for modules in /home/mverde/src/taal/portaal-fe-full/portaal-fe-core/node_modules
        existing directory /home/mverde/src/taal/portaal-fe-full/portaal-fe-core/node_modules/@babel/runtime
          using description file: /home/mverde/src/taal/portaal-fe-full/portaal-fe-core/node_modules/@babel/runtime/package.json (relative path: .)
            using exports field: ./helpers/esm/slicedToArray.js
              using description file: /home/mverde/src/taal/portaal-fe-full/portaal-fe-core/node_modules/@babel/runtime/package.json (relative path: ./helpers/esm/slicedToArray.js)
                no extension
                  Field 'browser' doesn't contain a valid alias configuration
                  /home/mverde/src/taal/portaal-fe-full/portaal-fe-core/node_modules/@babel/runtime/helpers/esm/slicedToArray.js doesn't exist
                .tsx
                  Field 'browser' doesn't contain a valid alias configuration
                  /home/mverde/src/taal/portaal-fe-full/portaal-fe-core/node_modules/@babel/runtime/helpers/esm/slicedToArray.js.tsx doesn't exist
                .ts
                  Field 'browser' doesn't contain a valid alias configuration
                  /home/mverde/src/taal/portaal-fe-full/portaal-fe-core/node_modules/@babel/runtime/helpers/esm/slicedToArray.js.ts doesn't exist
                .jsx
                  Field 'browser' doesn't contain a valid alias configuration
                  /home/mverde/src/taal/portaal-fe-full/portaal-fe-core/node_modules/@babel/runtime/helpers/esm/slicedToArray.js.jsx doesn't exist
                .js
                  Field 'browser' doesn't contain a valid alias configuration
                  /home/mverde/src/taal/portaal-fe-full/portaal-fe-core/node_modules/@babel/runtime/helpers/esm/slicedToArray.js.js doesn't exist
                .json
                  Field 'browser' doesn't contain a valid alias configuration
                  /home/mverde/src/taal/portaal-fe-full/portaal-fe-core/node_modules/@babel/runtime/helpers/esm/slicedToArray.js.json doesn't exist
                as directory
                  /home/mverde/src/taal/portaal-fe-full/portaal-fe-core/node_modules/@babel/runtime/helpers/esm/slicedToArray.js doesn't exist
      /home/mverde/src/taal/portaal-fe-full/node_modules doesn't exist or is not a directory
      /home/mverde/src/taal/node_modules doesn't exist or is not a directory
      /home/mverde/src/node_modules doesn't exist or is not a directory
      /home/mverde/node_modules doesn't exist or is not a directory
      /home/node_modules doesn't exist or is not a directory
      /node_modules doesn't exist or is not a directory
 @ ./src/bootstrap.tsx 3:0-28 6:99-102
 @ ./src/index.ts 1:0-21

webpack 5.100.2 compiled with 2 errors in 2201 ms
Killed
error Command failed with exit code 137.
info Visit https://yarnpkg.com/en/docs/cli/run for documentation about this command.
