yarn run v1.22.22
$ webpack serve --open --mode development
File TSX generato dinamicamente!
<i> [webpack-dev-server] Project is running at:
<i> [webpack-dev-server] Loopback: http://localhost:3000/
<i> [webpack-dev-server] On Your Network (IPv4): http://192.168.1.246:3000/
<i> [webpack-dev-server] Content not from webpack is served from '/home/mverde/src/taal/portaal-fe-full/portaal-fe-core/public' directory
<i> [webpack-dev-server] 404s will fallback to '/index.html'
<i> [webpack-dev-middleware] wait until bundle finished: /
Browserslist: caniuse-lite is outdated. Please run:
  npx update-browserslist-db@latest
  Why you should do it regularly: https://github.com/browserslist/update-db#readme

warn - The `darkMode` option in your Tailwind CSS configuration is set to `false`, which now behaves the same as `media`.
warn - Change `darkMode` to `media` or remove it entirely.
warn - https://tailwindcss.com/docs/upgrade-guide#remove-dark-mode-configuration
assets by path *.js 589 KiB
  assets by chunk 435 KiB (id hint: vendors)
    asset vendors-node_modules_react-dom_index_js.js 269 KiB [emitted] [minimized] (id hint: vendors) 2 related assets
    + 4 assets
  asset main.js 145 KiB [emitted] [minimized] (name: main) 2 related assets
  asset src_bootstrap_tsx.js 9.12 KiB [emitted] [minimized] 2 related assets
assets by path image/ 61.1 KiB
  assets by path image/*.svg 35.6 KiB
    asset image/google_login_logo.svg 18 KiB [emitted] [from: public/image/google_login_logo.svg] [copied]
    + 2 assets
  assets by path image/*.png 25.4 KiB
    asset image/logoNexa.png 20.5 KiB [emitted] [from: public/image/logoNexa.png] [copied]
    asset image/google_play_logo.png 4.98 KiB [emitted] [from: public/image/google_play_logo.png] [copied]
asset favicon.ico 3.35 KiB [emitted] [from: public/favicon.ico] [copied]
asset index.html 493 bytes [emitted]
runtime modules 51.5 KiB 21 modules
javascript modules 1.63 MiB
  modules by path ./node_modules/ 1.62 MiB 56 modules
  modules by path ./src/ 10.5 KiB 8 modules
  + 11 modules
remote-module modules 150 bytes (remote) 150 bytes (share-init) 25 modules
provide-module modules 168 bytes
  provide shared module (default) react-device-detect@2.2.3 = ./node_modules/react...(truncated) 42 bytes [built] [code generated]
  provide shared module (default) react-dom@18.3.1 = ./node_modules/reac...(truncated) 42 bytes [built] [code generated]
  + 2 modules
consume-shared-module modules 168 bytes
  consume shared module (default) react@^18.2.0 (singleton) (fallback: ./node_modu...(truncated) 42 bytes [built] [code generated]
  consume shared module (default) react-dom@^18.2.0 (singleton) (fallback: ./node_...(truncated) 42 bytes [built] [code generated]
  consume shared module (default) react-router-dom@^6.3.0 (strict) (fallback: ./no...(truncated) 42 bytes [built] [code generated]
  consume shared module (default) react-device-detect@^2.2.3 (strict) (fallback: ....(truncated) 42 bytes [built] [code generated]
webpack 5.95.0 compiled successfully in 6064 ms
<i> [webpack-dev-middleware] wait until bundle finished: /main.js
assets by status 509 KiB [cached] 13 assets
assets by path . 146 KiB
  asset main.js 145 KiB [emitted] [minimized] (name: main) 2 related assets
  asset main.f3f0e8f82f1720dbfb49.hot-update.js 164 bytes [emitted] [immutable] [hmr] [minimized] (name: main) 1 related asset
  asset main.f3f0e8f82f1720dbfb49.hot-update.json 28 bytes [emitted] [immutable] [hmr]
Entrypoint main 146 KiB (400 KiB) = main.js 145 KiB main.f3f0e8f82f1720dbfb49.hot-update.js 164 bytes 2 auxiliary assets
cached modules 1.63 MiB (javascript) 318 bytes (share-init) 168 bytes (consume-shared) 150 bytes (remote) [cached] 107 modules
runtime modules 51.5 KiB 21 modules
./src/mfeConfig.ts 1.19 KiB [built]
webpack 5.95.0 compiled successfully in 772 ms
<i> [webpack-dev-server] Gracefully shutting down. To force exit, press ^C again. Please wait...
