yarn run v1.22.22
$ webpack serve --mode development
<i> [webpack-dev-server] Project is running at:
<i> [webpack-dev-server] Loopback: http://localhost:3014/
<i> [webpack-dev-server] On Your Network (IPv4): http://192.168.1.246:3014/
<i> [webpack-dev-server] Content not from webpack is served from '/home/mverde/src/taal/portaal-fe-full/portaal-fe-dashboard/public' directory
<i> [webpack-dev-server] 404s will fallback to '/index.html'

[portaal-mfe-dashboard] Compiling on port 3014...
<i> [webpack-dev-middleware] wait until bundle finished: /remoteEntry.js
assets by chunk 10.3 MiB (id hint: vendors)
  asset vendors-node_modules_progress_kendo-charts_dist_es_main_js.js 2.2 MiB [emitted] (id hint: vendors)
  asset vendors-node_modules_progress_kendo-drawing_dist_es_main_js.js 1.07 MiB [emitted] (id hint: vendors)
  asset vendors-node_modules_react-dom_index_js.js 1.03 MiB [emitted] (id hint: vendors)
  asset vendors-node_modules_css-loader_dist_cjs_js_node_modules_progress_kendo-theme-default_dist_al-f070fd.js 998 KiB [emitted] (id hint: vendors)
  asset vendors-node_modules_progress_kendo-react-dateinputs_index_mjs.js 497 KiB [emitted] (id hint: vendors)
  + 28 assets
asset remoteEntry.js 270 KiB [emitted] (name: dashboard)
asset main.js 263 KiB [emitted] (name: main)
asset src_App_tsx.js 254 KiB [emitted]
asset src_bootstrap_tsx-data_image_gif_base64_R0lGODlhAQC0AIABALi4uAAAACH5BAEAAAEALAAAAAABALQAAAIWj-08255f.js 114 KiB [emitted]
asset node_modules_progress_kendo-react-labels_index_mjs-_efa60.js 24.4 KiB [emitted]
asset node_modules_progress_kendo-react-labels_index_mjs-_efa61.js 24.4 KiB [emitted]
asset src_MfeInit_tsx.js 3.51 KiB [emitted]
asset index.html 364 bytes [emitted]
1617 modules
webpack 5.100.2 compiled successfully in 4452 ms

[portaal-mfe-dashboard] Compiled successfully on port 3014!
<i> [webpack-dev-server] Gracefully shutting down. To force exit, press ^C again. Please wait...
